Significantly enriched GO terms (Q-value <= 0.05)
4 significantly enriched go terms found
GO:0003735 [MF] 'structural constituent of ribosome'
GO:0005840 [CL] 'ribosome'
GO:0005622 [CL] 'intracellular'
GO:0006412 [BP] 'translation'

12/75 (16.00%) of genes had enriched go terms:
LOC105285249
LOC105279634
LOC105283286
LOC105280002
LOC105283130
LOC105275518
LOC105279087
LOC105274601
LOC105282992
LOC105282526
LOC105275259
LOC105276157


Fisher's Exact Test results for enriched GO terms:
GO:0005840 [CL] 'ribosome'
Has GO                 Doesn't Have GO
         Target Set: 12      63
     Non-Target Set: 103     10253
         odds-ratio: 18.961
            P-value: 0.000

GO:0003735 [MF] 'structural constituent of ribosome'
Has GO                 Doesn't Have GO
         Target Set: 12      63
     Non-Target Set: 111     10245
         odds-ratio: 17.580
            P-value: 0.000

GO:0006412 [BP] 'translation'
Has GO                 Doesn't Have GO
         Target Set: 12      63
     Non-Target Set: 116     10240
         odds-ratio: 16.814
            P-value: 0.000

GO:0005622 [CL] 'intracellular'
Has GO                 Doesn't Have GO
         Target Set: 11      64
     Non-Target Set: 234     10122
         odds-ratio: 7.435
            P-value: 0.000
