File created on Aug04_20.57
Program called from /home/antqueen/genomics/experiments/analyses/PRO20150622_time_course_SOM/promoter_analysis
/home/antqueen/documents/Peter/git/genomepy/genomepy/gffparser.py -d ./ -o promoters_all_genes --promoters all --upstream 450 --downstream 50

GO_file='/Volumes/antqueen/genomics/experiments/analyses/PRO20150520_interproscan/armyant.OGS.V2.0.1.longest_nonred.pep.goterms.out',
bed2gtf=None,
blastoff=False,
directory='./',
downstream=50,
genome_file='/home/antqueen/genomics/genomes/C.biroi/Cbir.assembly.v3.0.fa',
gff='/Volumes/antqueen/genomics/genomes/C.biroi/armyant.OGS.V2.0.1.adjusted3.gff.Apr29_12.47.out',
gff2bed=False,
input_file=None,
investigate=False,
methylation=False,
output_file='promoters_all_genes',
promoters='all',
quiet=False,
show_go=False,
splicing=None,
strip=None,
trim=None,
upstream=450
